# JRE version: Java(TM) SE Runtime Environment (7.0_51-b13) (build 1.7.0_51-b13)
# Java VM: Java HotSpot(TM) Client VM (24.51-b03 mixed mode, sharing windows-x86 )
Heap
 def new generation   total 4928K, used 539K [0x240a0000, 0x245f0000, 0x295f0000)
  eden space 4416K,   3% used [0x240a0000, 0x240c9b18, 0x244f0000)
  from space 512K,  72% used [0x24570000, 0x245cd1b0, 0x245f0000)
  to   space 512K,   0% used [0x244f0000, 0x244f0000, 0x24570000)
 tenured generation   total 10944K, used 2862K [0x295f0000, 0x2a0a0000, 0x340a0000)
   the space 10944K,  26% used [0x295f0000, 0x298bbb88, 0x298bbc00, 0x2a0a0000)
 compacting perm gen  total 12288K, used 2464K [0x340a0000, 0x34ca0000, 0x380a0000)
   the space 12288K,  20% used [0x340a0000, 0x34308200, 0x34308200, 0x34ca0000)
    ro space 10240K,  44% used [0x380a0000, 0x38517e30, 0x38518000, 0x38aa0000)
    rw space 12288K,  52% used [0x38aa0000, 0x390eeb58, 0x390eec00, 0x396a0000)
GC Heap History (6 events):
Event: 1.656 GC heap before
{Heap before GC invocations=0 (full 0):
 def new generation   total 4928K, used 4416K [0x240a0000, 0x245f0000, 0x295f0000)
  eden space 4416K, 100% used [0x240a0000, 0x244f0000, 0x244f0000)
  from space 512K,   0% used [0x244f0000, 0x244f0000, 0x24570000)
  to   space 512K,   0% used [0x24570000, 0x24570000, 0x245f0000)
 tenured generation   total 10944K, used 0K [0x295f0000, 0x2a0a0000, 0x340a0000)
   the space 10944K,   0% used [0x295f0000, 0x295f0000, 0x295f0200, 0x2a0a0000)
 compacting perm gen  total 12288K, used 2276K [0x340a0000, 0x34ca0000, 0x380a0000)
   the space 12288K,  18% used [0x340a0000, 0x342d92c0, 0x342d9400, 0x34ca0000)
    ro space 10240K,  44% used [0x380a0000, 0x38517e30, 0x38518000, 0x38aa0000)
    rw space 12288K,  52% used [0x38aa0000, 0x390eeb58, 0x390eec00, 0x396a0000)
Event: 1.665 GC heap after
Heap after GC invocations=1 (full 0):
 def new generation   total 4928K, used 512K [0x240a0000, 0x245f0000, 0x295f0000)
  eden space 4416K,   0% used [0x240a0000, 0x240a0000, 0x244f0000)
  from space 512K, 100% used [0x24570000, 0x245f0000, 0x245f0000)
  to   space 512K,   0% used [0x244f0000, 0x244f0000, 0x24570000)
 tenured generation   total 10944K, used 1344K [0x295f0000, 0x2a0a0000, 0x340a0000)
   the space 10944K,  12% used [0x295f0000, 0x29740290, 0x29740400, 0x2a0a0000)
 compacting perm gen  total 12288K, used 2276K [0x340a0000, 0x34ca0000, 0x380a0000)
   the space 12288K,  18% used [0x340a0000, 0x342d92c0, 0x342d9400, 0x34ca0000)
    ro space 10240K,  44% used [0x380a0000, 0x38517e30, 0x38518000, 0x38aa0000)
    rw space 12288K,  52% used [0x38aa0000, 0x390eeb58, 0x390eec00, 0x396a0000)
}
Event: 11.621 GC heap before
{Heap before GC invocations=1 (full 0):
 def new generation   total 4928K, used 4928K [0x240a0000, 0x245f0000, 0x295f0000)
  eden space 4416K, 100% used [0x240a0000, 0x244f0000, 0x244f0000)
  from space 512K, 100% used [0x24570000, 0x245f0000, 0x245f0000)
  to   space 512K,   0% used [0x244f0000, 0x244f0000, 0x24570000)
 tenured generation   total 10944K, used 1344K [0x295f0000, 0x2a0a0000, 0x340a0000)
   the space 10944K,  12% used [0x295f0000, 0x29740290, 0x29740400, 0x2a0a0000)
 compacting perm gen  total 12288K, used 2458K [0x340a0000, 0x34ca0000, 0x380a0000)
   the space 12288K,  20% used [0x340a0000, 0x34306ac0, 0x34306c00, 0x34ca0000)
    ro space 10240K,  44% used [0x380a0000, 0x38517e30, 0x38518000, 0x38aa0000)
    rw space 12288K,  52% used [0x38aa0000, 0x390eeb58, 0x390eec00, 0x396a0000)
Event: 11.635 GC heap after
Heap after GC invocations=2 (full 0):
 def new generation   total 4928K, used 460K [0x240a0000, 0x245f0000, 0x295f0000)
  eden space 4416K,   0% used [0x240a0000, 0x240a0000, 0x244f0000)
  from space 512K,  89% used [0x244f0000, 0x24563288, 0x24570000)
  to   space 512K,   0% used [0x24570000, 0x24570000, 0x245f0000)
 tenured generation   total 10944K, used 2457K [0x295f0000, 0x2a0a0000, 0x340a0000)
   the space 10944K,  22% used [0x295f0000, 0x29856420, 0x29856600, 0x2a0a0000)
 compacting perm gen  total 12288K, used 2458K [0x340a0000, 0x34ca0000, 0x380a0000)
   the space 12288K,  20% used [0x340a0000, 0x34306ac0, 0x34306c00, 0x34ca0000)
    ro space 10240K,  44% used [0x380a0000, 0x38517e30, 0x38518000, 0x38aa0000)
    rw space 12288K,  52% used [0x38aa0000, 0x390eeb58, 0x390eec00, 0x396a0000)
}
Event: 19.774 GC heap before
{Heap before GC invocations=2 (full 0):
 def new generation   total 4928K, used 4876K [0x240a0000, 0x245f0000, 0x295f0000)
  eden space 4416K, 100% used [0x240a0000, 0x244f0000, 0x244f0000)
  from space 512K,  89% used [0x244f0000, 0x24563288, 0x24570000)
  to   space 512K,   0% used [0x24570000, 0x24570000, 0x245f0000)
 tenured generation   total 10944K, used 2457K [0x295f0000, 0x2a0a0000, 0x340a0000)
   the space 10944K,  22% used [0x295f0000, 0x29856420, 0x29856600, 0x2a0a0000)
 compacting perm gen  total 12288K, used 2464K [0x340a0000, 0x34ca0000, 0x380a0000)
   the space 12288K,  20% used [0x340a0000, 0x34308200, 0x34308200, 0x34ca0000)
    ro space 10240K,  44% used [0x380a0000, 0x38517e30, 0x38518000, 0x38aa0000)
    rw space 12288K,  52% used [0x38aa0000, 0x390eeb58, 0x390eec00, 0x396a0000)
Event: 19.779 GC heap after
Heap after GC invocations=3 (full 0):
 def new generation   total 4928K, used 372K [0x240a0000, 0x245f0000, 0x295f0000)
  eden space 4416K,   0% used [0x240a0000, 0x240a0000, 0x244f0000)
  from space 512K,  72% used [0x24570000, 0x245cd1b0, 0x245f0000)
  to   space 512K,   0% used [0x244f0000, 0x244f0000, 0x24570000)
 tenured generation   total 10944K, used 2862K [0x295f0000, 0x2a0a0000, 0x340a0000)
   the space 10944K,  26% used [0x295f0000, 0x298bbb88, 0x298bbc00, 0x2a0a0000)
 compacting perm gen  total 12288K, used 2464K [0x340a0000, 0x34ca0000, 0x380a0000)
   the space 12288K,  20% used [0x340a0000, 0x34308200, 0x34308200, 0x34ca0000)
    ro space 10240K,  44% used [0x380a0000, 0x38517e30, 0x38518000, 0x38aa0000)
    rw space 12288K,  52% used [0x38aa0000, 0x390eeb58, 0x390eec00, 0x396a0000)
}

